<?xml version="1.0" encoding="UTF-8"?>
<!-- Generated by org.testng.reporters.JUnitXMLReporter -->
<testsuite hostname="DESKTOP-TLRE9E9" name="Default test" tests="3" failures="0" timestamp="8 Dec 2022 18:30:36 GMT" time="54.317" errors="0">
  <testcase name="addCategoryAndValidate" time="6.65" classname="test.AddCategoryTest"/>
  <testcase name="checkDuplicateCategory" time="6.4" classname="test.AddCategoryTest"/>
  <testcase name="monthDropDown" time="0.337" classname="test.AddCategoryTest"/>
</testsuite> <!-- Default test -->
