<?xml version="1.0" encoding="UTF-8"?>
<!-- Generated by org.testng.reporters.JUnitXMLReporter -->
<testsuite hostname="DESKTOP-TLRE9E9" ignored="0" name="Command line test" tests="3" failures="0" timestamp="08 Dec 2022 18:24:46 GMT" time="22.718" errors="0">
  <testcase name="addCategoryAndValidate" time="6.548" classname="test.AddCategoryTest"/>
  <testcase name="checkDuplicateCategory" time="6.336" classname="test.AddCategoryTest"/>
  <testcase name="monthDropDown" time="0.391" classname="test.AddCategoryTest"/>
</testsuite> <!-- Command line test -->
