<?xml version="1.0" encoding="UTF-8"?>
<testng-results skipped="0" failed="0" total="3" passed="3">
  <reporter-output>
  </reporter-output>
  <suite name="Default suite" duration-ms="54317" started-at="2022-12-08T18:29:42Z" finished-at="2022-12-08T18:30:36Z">
    <groups>
    </groups>
    <test name="Default test" duration-ms="54317" started-at="2022-12-08T18:29:42Z" finished-at="2022-12-08T18:30:36Z">
      <class name="test.AddCategoryTest">
        <test-method status="PASS" signature="initBrowser()[pri:0, instance:test.AddCategoryTest@6e3c1e69]" name="initBrowser" is-config="true" duration-ms="2674" started-at="2022-12-08T12:29:42Z" finished-at="2022-12-08T12:29:45Z">
          <reporter-output>
          </reporter-output>
        </test-method> <!-- initBrowser -->
        <test-method status="PASS" signature="addCategoryAndValidate()[pri:1, instance:test.AddCategoryTest@6e3c1e69]" name="addCategoryAndValidate" duration-ms="6650" started-at="2022-12-08T12:29:45Z" finished-at="2022-12-08T12:29:51Z">
          <reporter-output>
          </reporter-output>
        </test-method> <!-- addCategoryAndValidate -->
        <test-method status="PASS" signature="closeBrowser()[pri:0, instance:test.AddCategoryTest@6e3c1e69]" name="closeBrowser" is-config="true" duration-ms="16838" started-at="2022-12-08T12:29:51Z" finished-at="2022-12-08T12:30:08Z">
          <reporter-output>
          </reporter-output>
        </test-method> <!-- closeBrowser -->
        <test-method status="PASS" signature="initBrowser()[pri:0, instance:test.AddCategoryTest@6e3c1e69]" name="initBrowser" is-config="true" duration-ms="1881" started-at="2022-12-08T12:30:08Z" finished-at="2022-12-08T12:30:10Z">
          <reporter-output>
          </reporter-output>
        </test-method> <!-- initBrowser -->
        <test-method status="PASS" signature="checkDuplicateCategory()[pri:2, instance:test.AddCategoryTest@6e3c1e69]" name="checkDuplicateCategory" duration-ms="6400" started-at="2022-12-08T12:30:10Z" finished-at="2022-12-08T12:30:16Z">
          <reporter-output>
          </reporter-output>
        </test-method> <!-- checkDuplicateCategory -->
        <test-method status="PASS" signature="closeBrowser()[pri:0, instance:test.AddCategoryTest@6e3c1e69]" name="closeBrowser" is-config="true" duration-ms="732" started-at="2022-12-08T12:30:16Z" finished-at="2022-12-08T12:30:17Z">
          <reporter-output>
          </reporter-output>
        </test-method> <!-- closeBrowser -->
        <test-method status="PASS" signature="initBrowser()[pri:0, instance:test.AddCategoryTest@6e3c1e69]" name="initBrowser" is-config="true" duration-ms="1940" started-at="2022-12-08T12:30:17Z" finished-at="2022-12-08T12:30:19Z">
          <reporter-output>
          </reporter-output>
        </test-method> <!-- initBrowser -->
        <test-method status="PASS" signature="monthDropDown()[pri:3, instance:test.AddCategoryTest@6e3c1e69]" name="monthDropDown" duration-ms="337" started-at="2022-12-08T12:30:19Z" finished-at="2022-12-08T12:30:19Z">
          <reporter-output>
          </reporter-output>
        </test-method> <!-- monthDropDown -->
        <test-method status="PASS" signature="closeBrowser()[pri:0, instance:test.AddCategoryTest@6e3c1e69]" name="closeBrowser" is-config="true" duration-ms="16849" started-at="2022-12-08T12:30:19Z" finished-at="2022-12-08T12:30:36Z">
          <reporter-output>
          </reporter-output>
        </test-method> <!-- closeBrowser -->
      </class> <!-- test.AddCategoryTest -->
    </test> <!-- Default test -->
  </suite> <!-- Default suite -->
</testng-results>
